  main_file.cpp
main_file.cpp(28): warning C4244: аргумент: преобразование "time_t" в "unsigned int", возможна потеря данных
main_file.cpp(164): warning C4244: =: преобразование "double" в "int", возможна потеря данных
main_file.cpp(165): warning C4244: =: преобразование "double" в "int", возможна потеря данных
main_file.cpp(172): warning C4244: =: преобразование "double" в "int", возможна потеря данных
main_file.cpp(173): warning C4244: =: преобразование "double" в "int", возможна потеря данных
main_file.cpp(180): warning C4244: =: преобразование "double" в "int", возможна потеря данных
main_file.cpp(181): warning C4244: =: преобразование "double" в "int", возможна потеря данных
main_file.cpp(565): warning C4244: +=: преобразование "double" в "LONG", возможна потеря данных
main_file.cpp(574): warning C4244: =: преобразование "double" в "LONG", возможна потеря данных
main_file.cpp(600): warning C4244: =: преобразование "double" в "int", возможна потеря данных
main_file.cpp(601): warning C4244: =: преобразование "double" в "int", возможна потеря данных
main_file.cpp(612): warning C4244: =: преобразование "double" в "int", возможна потеря данных
main_file.cpp(613): warning C4244: =: преобразование "double" в "int", возможна потеря данных
main_file.cpp(626): warning C4244: =: преобразование "double" в "int", возможна потеря данных
main_file.cpp(627): warning C4244: =: преобразование "double" в "int", возможна потеря данных
  Создание кода
  18 of 228 functions ( 7.9%) were compiled, the rest were copied from previous compilation.
    10 functions were new in current compilation
    7 functions had inline decision re-evaluated but remain unchanged
  Создание кода завершено
  WinAPI_chapter_1.vcxproj -> E:\Troublemakers_company\Learning\C++\Win32\WinAPI_chapter_1\WinAPI_chapter_1\Release\WinAPI_chapter_1.exe
  WinAPI_chapter_1.vcxproj -> E:\Troublemakers_company\Learning\C++\Win32\WinAPI_chapter_1\WinAPI_chapter_1\Release\WinAPI_chapter_1.pdb (Full PDB)
